
[2025-03-16 16:49:18] Début de l'ajout de réservation.
[2025-03-16 16:49:18] Erreur : Champ manquant : id_hotel
[2025-03-16 16:49:24] Début de l'ajout de réservation.
[2025-03-16 16:49:24] Erreur : Champ manquant : id_chambre
[2025-03-16 17:21:08] Début de l'ajout de réservation.
[2025-03-16 17:21:08] Réservation réussie pour l'utilisateur ID: 1
[2025-03-16 17:33:12] Début de l'ajout de réservation.
[2025-03-16 17:33:12] Réservation réussie pour l'utilisateur ID: 1
[2025-03-16 18:48:19] Début de l'ajout de réservation.
[2025-03-16 18:48:19] Erreur : Utilisateur non connecté
[2025-03-16 18:48:35] Début de l'ajout de réservation.
[2025-03-16 18:48:35] Erreur : Champ manquant : choixVille
[2025-03-16 18:48:47] Début de l'ajout de réservation.
[2025-03-16 18:48:47] Erreur : Champ manquant : choixVille
[2025-03-16 22:52:55] Début de l'ajout de réservation.
[2025-03-16 22:52:55] Réservation réussie pour l'utilisateur ID: 1
[2025-03-16 22:53:42] Début de l'ajout de réservation.
[2025-03-16 22:53:42] Erreur : La chambre est indisponible pour les dates choisies.
[2025-03-16 22:54:39] Début de l'ajout de réservation.
[2025-03-16 22:54:39] Réservation réussie pour l'utilisateur ID: 1
[2025-03-16 22:55:29] Début de l'ajout de réservation.
[2025-03-16 22:55:29] Réservation réussie pour l'utilisateur ID: 1
[2025-03-16 22:56:45] Début de l'ajout de réservation.
[2025-03-16 22:56:45] Réservation réussie pour l'utilisateur ID: 1
[2025-03-16 22:57:20] Début de l'ajout de réservation.
[2025-03-16 22:57:20] Erreur : La chambre est indisponible pour les dates choisies.
[2025-03-16 22:59:29] Début de l'ajout de réservation.
[2025-03-16 22:59:29] Erreur : La chambre est indisponible pour les dates choisies.
[2025-03-17 14:56:07] Début de l'ajout de réservation.
[2025-03-17 14:56:07] Réservation réussie pour l'utilisateur ID: 1
[2025-03-17 14:57:30] Début de l'ajout de réservation.
[2025-03-17 14:57:30] Erreur : La chambre est indisponible pour les dates choisies.
[2025-03-18 20:44:34] Début de l'ajout de réservation.
[2025-03-18 20:44:34] Erreur : La chambre est indisponible pour les dates choisies.
[2025-03-18 20:45:31] Début de l'ajout de réservation.
[2025-03-18 20:45:31] Réservation réussie pour l'utilisateur ID: 1
[2025-03-19 07:38:36] Début de l'ajout de réservation.
[2025-03-19 07:38:36] Réservation réussie pour l'utilisateur ID: 1
[2025-03-20 12:48:26] Début de l'ajout de réservation.
[2025-03-20 12:48:26] Erreur : Utilisateur non connecté
[2025-03-20 15:43:42] Début de l'ajout de réservation.
[2025-03-20 15:43:43] Réservation réussie pour l'utilisateur ID: 1
[2025-03-20 15:54:19] Début de l'ajout de réservation.
[2025-03-20 15:54:19] Réservation réussie pour l'utilisateur ID: 1
[2025-03-20 15:56:36] Début de l'ajout de réservation.
[2025-03-20 15:56:36] Réservation réussie pour l'utilisateur ID: 1
[2025-03-20 16:01:43] Début de l'ajout de réservation.
[2025-03-20 16:01:43] Réservation réussie pour l'utilisateur ID: 1
[2025-03-20 16:13:01] Début de l'ajout de réservation.
[2025-03-20 16:13:01] Erreur : Les dates d'arrivée et de départ sont incohérentes.
[2025-03-20 16:13:50] Début de l'ajout de réservation.
[2025-03-20 16:13:50] Réservation réussie pour l'utilisateur ID: 1
[2025-03-20 16:23:03] Début de l'ajout de réservation.
[2025-03-20 16:23:03] Réservation réussie pour l'utilisateur ID: 1
[2025-03-20 16:27:07] Début de l'ajout de réservation.
[2025-03-20 16:27:07] Réservation réussie pour l'utilisateur ID: 1
[2025-03-20 16:34:19] Début de l'ajout de réservation.
[2025-03-20 16:34:19] Réservation réussie pour l'utilisateur ID: 1
[2025-03-20 16:41:18] Début de l'ajout de réservation.
[2025-03-20 16:41:18] Réservation réussie pour l'utilisateur ID: 1
